<?xml version="1.0" encoding="UTF-8"?>
<!-- Generated by org.testng.reporters.JUnitReportReporter -->
<testsuite hostname="ROG" failures="0" tests="7" name="tests.Testing1" time="0.015" errors="0" timestamp="08 Sep 2020 03:56:25 GMT" skipped="0">
  <testcase classname="tests.Testing1" name="Krunal" time="0.002"/>
  <testcase classname="tests.Testing1" name="Krunal" time="0.005"/>
  <testcase classname="tests.Testing1" name="test1" time="0.001"/>
  <testcase classname="tests.Testing1" name="test3" time="0.001"/>
  <testcase classname="tests.Testing1" name="test1" time="0.002"/>
  <testcase classname="tests.Testing1" name="test2" time="0.002"/>
  <testcase classname="tests.Testing1" name="test1" time="0.002"/>
</testsuite> <!-- tests.Testing1 -->
