<?xml version="1.0" encoding="UTF-8"?>
<!-- Generated by org.testng.reporters.JUnitReportReporter -->
<testsuite hostname="ROG" failures="0" tests="3" name="tests.Testing3" time="0.011" errors="0" timestamp="08 Sep 2020 03:56:25 GMT" skipped="0">
  <testcase classname="tests.Testing3" name="homeTest" time="0.004"/>
  <testcase classname="tests.Testing3" name="mainTest" time="0.003"/>
  <testcase classname="tests.Testing3" name="endTest" time="0.004"/>
</testsuite> <!-- tests.Testing3 -->
